app/build/outputs/logs/manifest-merger-debug-report.txt
-- Merging decision tree log ---
manifest
ADDED from src\main\AndroidManifest.xml:4:1-44:12
	package
		ADDED from src\main\AndroidManifest.xml:5:11-54
		INJECTED from src\main\AndroidManifest.xml
		INJECTED from src\main\AndroidManifest.xml
	android:versionName
		ADDED from src\main\AndroidManifest.xml:7:11-36
	xmlns:tools
		ADDED from src\main\AndroidManifest.xml:4:70-116
	android:versionCode
		ADDED from src\main\AndroidManifest.xml:6:11-34
		INJECTED from src\main\AndroidManifest.xml
		INJECTED from src\main\AndroidManifest.xml
	xmlns:android
		ADDED from src\main\AndroidManifest.xml:4:11-69
uses-sdk
ADDED from src\main\AndroidManifest.xml:9:5-11:45
	android:targetSdkVersion
		ADDED from src\main\AndroidManifest.xml:11:13-42
		INJECTED from src\main\AndroidManifest.xml
		INJECTED from src\main\AndroidManifest.xml
	android:minSdkVersion
		ADDED from src\main\AndroidManifest.xml:10:13-39
		INJECTED from src\main\AndroidManifest.xml
		INJECTED from src\main\AndroidManifest.xml
application
ADDED from src\main\AndroidManifest.xml:13:5-42:19
	android:label
		ADDED from src\main\AndroidManifest.xml:13:18-50
	android:icon
		ADDED from src\main\AndroidManifest.xml:13:51-87
activity#com.delaroystudios.floatingwindow.MainActivity
ADDED from src\main\AndroidManifest.xml:15:9-26:20
	android:label
		ADDED from src\main\AndroidManifest.xml:17:19-51
	android:windowSoftInputMode
		ADDED from src\main\AndroidManifest.xml:19:19-79
	android:configChanges
		ADDED from src\main\AndroidManifest.xml:18:19-65
	android:theme
		ADDED from src\main\AndroidManifest.xml:16:19-66
	android:name
		ADDED from src\main\AndroidManifest.xml:15:19-80
intent-filter#android.intent.action.MAIN+android.intent.category.LAUNCHER
ADDED from src\main\AndroidManifest.xml:21:13-24:29
action#android.intent.action.MAIN
ADDED from src\main\AndroidManifest.xml:22:17-68
	android:name
		ADDED from src\main\AndroidManifest.xml:22:25-66
category#android.intent.category.LAUNCHER
ADDED from src\main\AndroidManifest.xml:23:17-76
	android:name
		ADDED from src\main\AndroidManifest.xml:23:27-74
activity#com.delaroystudios.floatingwindow.PopupMainActivity
ADDED from src\main\AndroidManifest.xml:32:9-40:51
	android:clearTaskOnLaunch
		ADDED from src\main\AndroidManifest.xml:38:17-49
	android:label
		ADDED from src\main\AndroidManifest.xml:34:17-49
	android:exported
		ADDED from src\main\AndroidManifest.xml:39:17-40
	android:windowSoftInputMode
		ADDED from src\main\AndroidManifest.xml:37:17-77
	tools:ignore
		ADDED from src\main\AndroidManifest.xml:40:17-48
	android:configChanges
		ADDED from src\main\AndroidManifest.xml:36:17-63
	android:theme
		ADDED from src\main\AndroidManifest.xml:35:17-66
	android:name
		ADDED from src\main\AndroidManifest.xml:33:17-83